android/app/build/intermediates/manifest_merge_blame_file/debug/manifest-merger-blame-debug-report.txt
1<?xml version="1.0" encoding="utf-8"?>
2<manifest xmlns:android="http://schemas.android.com/apk/res/android"
3    package="com.scrape"
4    android:versionCode="1004"
5    android:versionName="1.0" >
6
7    <uses-sdk
8        android:minSdkVersion="21"
9        android:targetSdkVersion="30" />
10
11    <uses-permission android:name="android.permission.SYSTEM_ALERT_WINDOW" />
11-->src\debug\AndroidManifest.xml:5:5-77
11-->src\debug\AndroidManifest.xml:5:22-75
12    <uses-permission android:name="android.permission.INTERNET" />
12-->src\main\AndroidManifest.xml:4:5-67
12-->src\main\AndroidManifest.xml:4:22-64
13    <uses-permission android:name="android.permission.ACCESS_WIFI_STATE" />
13-->[com.facebook.flipper:flipper:0.93.0] AndroidManifest.xml:16:5-76
13-->[com.facebook.flipper:flipper:0.93.0] AndroidManifest.xml:16:22-73
14    <uses-permission android:name="android.permission.WAKE_LOCK" />
14-->[:react-native-firebase_auth] AndroidManifest.xml:10:5-68
14-->[:react-native-firebase_auth] AndroidManifest.xml:10:22-65
15    <uses-permission android:name="android.permission.ACCESS_NETWORK_STATE" /> <!-- Required by older versions of Google Play services to create IID tokens -->
15-->[:react-native-firebase_auth] AndroidManifest.xml:11:5-79
15-->[:react-native-firebase_auth] AndroidManifest.xml:11:22-76
16    <uses-permission android:name="com.google.android.c2dm.permission.RECEIVE" />
16-->[com.google.firebase:firebase-messaging:22.0.0] AndroidManifest.xml:25:5-82
16-->[com.google.firebase:firebase-messaging:22.0.0] AndroidManifest.xml:25:22-79
17
18    <application
18-->src\main\AndroidManifest.xml:6:5-24:19
19        android:name="com.scrape.MainApplication"
19-->src\main\AndroidManifest.xml:7:7-38
20        android:allowBackup="false"
20-->src\main\AndroidManifest.xml:11:7-34
21        android:appComponentFactory="androidx.core.app.CoreComponentFactory"
21-->[androidx.core:core:1.2.0] AndroidManifest.xml:24:18-86
22        android:debuggable="true"
23        android:icon="@mipmap/ic_launcher"
23-->src\main\AndroidManifest.xml:9:7-41
24        android:label="@string/app_name"
24-->src\main\AndroidManifest.xml:8:7-39
25        android:roundIcon="@mipmap/ic_launcher_round"
25-->src\main\AndroidManifest.xml:10:7-52
26        android:theme="@style/AppTheme"
26-->src\main\AndroidManifest.xml:12:7-38
27        android:usesCleartextTraffic="true" >
27-->src\debug\AndroidManifest.xml:8:9-44
28        <activity android:name="com.facebook.react.devsupport.DevSettingsActivity" />
28-->src\debug\AndroidManifest.xml:11:9-86
28-->src\debug\AndroidManifest.xml:11:19-83
29        <activity
29-->src\main\AndroidManifest.xml:13:7-23:18
30            android:name="com.scrape.MainActivity"
30-->src\main\AndroidManifest.xml:14:9-37
31            android:configChanges="keyboard|keyboardHidden|orientation|screenSize|uiMode"
31-->src\main\AndroidManifest.xml:16:9-86
32            android:label="@string/app_name"
32-->src\main\AndroidManifest.xml:15:9-41
33            android:launchMode="singleTask"
33-->src\main\AndroidManifest.xml:17:9-40
34            android:windowSoftInputMode="adjustResize" >
34-->src\main\AndroidManifest.xml:18:9-51
35            <intent-filter>
35-->src\main\AndroidManifest.xml:19:9-22:25
36                <action android:name="android.intent.action.MAIN" />
36-->src\main\AndroidManifest.xml:20:13-65
36-->src\main\AndroidManifest.xml:20:21-62
37
38                <category android:name="android.intent.category.LAUNCHER" />
38-->src\main\AndroidManifest.xml:21:13-73
38-->src\main\AndroidManifest.xml:21:23-70
39            </intent-filter>
40        </activity>
41
42        <service android:name="io.invertase.firebase.messaging.ReactNativeFirebaseMessagingHeadlessService" />
42-->[:react-native-firebase_messaging] AndroidManifest.xml:14:9-111
42-->[:react-native-firebase_messaging] AndroidManifest.xml:14:18-108
43        <service
43-->[:react-native-firebase_messaging] AndroidManifest.xml:15:9-21:19
44            android:name="io.invertase.firebase.messaging.ReactNativeFirebaseMessagingService"
44-->[:react-native-firebase_messaging] AndroidManifest.xml:16:13-95
45            android:exported="false" >
45-->[:react-native-firebase_messaging] AndroidManifest.xml:17:13-37
46            <intent-filter>
46-->[:react-native-firebase_messaging] AndroidManifest.xml:18:13-20:29
47                <action android:name="com.google.firebase.MESSAGING_EVENT" />
47-->[:react-native-firebase_messaging] AndroidManifest.xml:19:17-78
47-->[:react-native-firebase_messaging] AndroidManifest.xml:19:25-75
48            </intent-filter>
49        </service>
50
51        <receiver
51-->[:react-native-firebase_messaging] AndroidManifest.xml:23:9-30:20
52            android:name="io.invertase.firebase.messaging.ReactNativeFirebaseMessagingReceiver"
52-->[:react-native-firebase_messaging] AndroidManifest.xml:24:13-96
53            android:exported="true"
53-->[:react-native-firebase_messaging] AndroidManifest.xml:25:13-36
54            android:permission="com.google.android.c2dm.permission.SEND" >
54-->[:react-native-firebase_messaging] AndroidManifest.xml:26:13-73
55            <intent-filter>
55-->[:react-native-firebase_messaging] AndroidManifest.xml:27:13-29:29
56                <action android:name="com.google.android.c2dm.intent.RECEIVE" />
56-->[:react-native-firebase_messaging] AndroidManifest.xml:28:17-81
56-->[:react-native-firebase_messaging] AndroidManifest.xml:28:25-78
57            </intent-filter>
58        </receiver>
59
60        <meta-data
60-->[:react-native-firebase_messaging] AndroidManifest.xml:32:9-34:36
61            android:name="firebase_messaging_auto_init_enabled"
61-->[:react-native-firebase_messaging] AndroidManifest.xml:33:13-64
62            android:value="true" />
62-->[:react-native-firebase_messaging] AndroidManifest.xml:34:13-33
63        <meta-data
63-->[:react-native-firebase_messaging] AndroidManifest.xml:35:9-37:32
64            android:name="com.google.firebase.messaging.default_notification_channel_id"
64-->[:react-native-firebase_messaging] AndroidManifest.xml:36:13-89
65            android:value="" />
65-->[:react-native-firebase_messaging] AndroidManifest.xml:37:13-29
66        <meta-data
66-->[:react-native-firebase_messaging] AndroidManifest.xml:38:9-40:47
67            android:name="com.google.firebase.messaging.default_notification_color"
67-->[:react-native-firebase_messaging] AndroidManifest.xml:39:13-84
68            android:resource="@color/white" />
68-->[:react-native-firebase_messaging] AndroidManifest.xml:40:13-44
69        <meta-data
69-->[:react-native-firebase_app] AndroidManifest.xml:10:9-12:36
70            android:name="app_data_collection_default_enabled"
70-->[:react-native-firebase_app] AndroidManifest.xml:11:13-63
71            android:value="true" />
71-->[:react-native-firebase_app] AndroidManifest.xml:12:13-33
72
73        <service
73-->[:react-native-firebase_app] AndroidManifest.xml:14:9-18:19
74            android:name="com.google.firebase.components.ComponentDiscoveryService"
74-->[:react-native-firebase_app] AndroidManifest.xml:14:18-89
75            android:directBootAware="true"
75-->[com.google.firebase:firebase-common:20.0.0] AndroidManifest.xml:35:13-43
76            android:exported="false" >
76-->[com.google.firebase:firebase-auth:21.0.1] AndroidManifest.xml:76:13-37
77            <meta-data
77-->[:react-native-firebase_app] AndroidManifest.xml:15:13-17:85
78                android:name="com.google.firebase.components:io.invertase.firebase.app.ReactNativeFirebaseAppRegistrar"
78-->[:react-native-firebase_app] AndroidManifest.xml:16:17-120
79                android:value="com.google.firebase.components.ComponentRegistrar" />
79-->[:react-native-firebase_app] AndroidManifest.xml:17:17-82
80            <meta-data
80-->[com.google.firebase:firebase-auth:21.0.1] AndroidManifest.xml:77:13-79:85
81                android:name="com.google.firebase.components:com.google.firebase.auth.FirebaseAuthRegistrar"
81-->[com.google.firebase:firebase-auth:21.0.1] AndroidManifest.xml:78:17-109
82                android:value="com.google.firebase.components.ComponentRegistrar" />
82-->[com.google.firebase:firebase-auth:21.0.1] AndroidManifest.xml:79:17-82
83            <meta-data
83-->[com.google.firebase:firebase-messaging:22.0.0] AndroidManifest.xml:52:13-54:85
84                android:name="com.google.firebase.components:com.google.firebase.messaging.FirebaseMessagingRegistrar"
84-->[com.google.firebase:firebase-messaging:22.0.0] AndroidManifest.xml:53:17-119
85                android:value="com.google.firebase.components.ComponentRegistrar" />
85-->[com.google.firebase:firebase-messaging:22.0.0] AndroidManifest.xml:54:17-82
86            <meta-data
86-->[com.google.firebase:firebase-datatransport:18.0.0] AndroidManifest.xml:28:13-30:85
87                android:name="com.google.firebase.components:com.google.firebase.datatransport.TransportRegistrar"
87-->[com.google.firebase:firebase-datatransport:18.0.0] AndroidManifest.xml:29:17-115
88                android:value="com.google.firebase.components.ComponentRegistrar" />
88-->[com.google.firebase:firebase-datatransport:18.0.0] AndroidManifest.xml:30:17-82
89            <meta-data
89-->[com.google.firebase:firebase-database:20.0.1] AndroidManifest.xml:32:13-34:85
90                android:name="com.google.firebase.components:com.google.firebase.database.DatabaseRegistrar"
90-->[com.google.firebase:firebase-database:20.0.1] AndroidManifest.xml:33:17-109
91                android:value="com.google.firebase.components.ComponentRegistrar" />
91-->[com.google.firebase:firebase-database:20.0.1] AndroidManifest.xml:34:17-82
92            <meta-data
92-->[com.google.firebase:firebase-installations:17.0.0] AndroidManifest.xml:18:13-20:85
93                android:name="com.google.firebase.components:com.google.firebase.installations.FirebaseInstallationsRegistrar"
93-->[com.google.firebase:firebase-installations:17.0.0] AndroidManifest.xml:19:17-127
94                android:value="com.google.firebase.components.ComponentRegistrar" />
94-->[com.google.firebase:firebase-installations:17.0.0] AndroidManifest.xml:20:17-82
95        </service>
96
97        <provider
97-->[:react-native-firebase_app] AndroidManifest.xml:20:9-24:38
98            android:name="io.invertase.firebase.app.ReactNativeFirebaseAppInitProvider"
98-->[:react-native-firebase_app] AndroidManifest.xml:21:13-88
99            android:authorities="com.scrape.reactnativefirebaseappinitprovider"
99-->[:react-native-firebase_app] AndroidManifest.xml:22:13-86
100            android:exported="false"
100-->[:react-native-firebase_app] AndroidManifest.xml:23:13-37
101            android:initOrder="99" />
101-->[:react-native-firebase_app] AndroidManifest.xml:24:13-35
102
103        <activity
103-->[com.google.firebase:firebase-auth:21.0.1] AndroidManifest.xml:27:9-44:20
104            android:name="com.google.firebase.auth.internal.GenericIdpActivity"
104-->[com.google.firebase:firebase-auth:21.0.1] AndroidManifest.xml:28:13-80
105            android:excludeFromRecents="true"
105-->[com.google.firebase:firebase-auth:21.0.1] AndroidManifest.xml:29:13-46
106            android:exported="true"
106-->[com.google.firebase:firebase-auth:21.0.1] AndroidManifest.xml:30:13-36
107            android:launchMode="singleTask"
107-->[com.google.firebase:firebase-auth:21.0.1] AndroidManifest.xml:31:13-44
108            android:theme="@android:style/Theme.Translucent.NoTitleBar" >
108-->[com.google.firebase:firebase-auth:21.0.1] AndroidManifest.xml:32:13-72
109            <intent-filter>
109-->[com.google.firebase:firebase-auth:21.0.1] AndroidManifest.xml:33:13-43:29
110                <action android:name="android.intent.action.VIEW" />
110-->[com.google.firebase:firebase-auth:21.0.1] AndroidManifest.xml:34:17-69
110-->[com.google.firebase:firebase-auth:21.0.1] AndroidManifest.xml:34:25-66
111
112                <category android:name="android.intent.category.DEFAULT" />
112-->[com.google.firebase:firebase-auth:21.0.1] AndroidManifest.xml:36:17-76
112-->[com.google.firebase:firebase-auth:21.0.1] AndroidManifest.xml:36:27-73
113                <category android:name="android.intent.category.BROWSABLE" />
113-->[com.google.firebase:firebase-auth:21.0.1] AndroidManifest.xml:37:17-78
113-->[com.google.firebase:firebase-auth:21.0.1] AndroidManifest.xml:37:27-75
114
115                <data
115-->[com.google.firebase:firebase-auth:21.0.1] AndroidManifest.xml:39:17-42:51
116                    android:host="firebase.auth"
116-->[com.google.firebase:firebase-auth:21.0.1] AndroidManifest.xml:40:21-49
117                    android:path="/"
117-->[com.google.firebase:firebase-auth:21.0.1] AndroidManifest.xml:41:21-37
118                    android:scheme="genericidp" />
118-->[com.google.firebase:firebase-auth:21.0.1] AndroidManifest.xml:42:21-48
119            </intent-filter>
120        </activity>
121        <activity
121-->[com.google.firebase:firebase-auth:21.0.1] AndroidManifest.xml:45:9-62:20
122            android:name="com.google.firebase.auth.internal.RecaptchaActivity"
122-->[com.google.firebase:firebase-auth:21.0.1] AndroidManifest.xml:46:13-79
123            android:excludeFromRecents="true"
123-->[com.google.firebase:firebase-auth:21.0.1] AndroidManifest.xml:47:13-46
124            android:exported="true"
124-->[com.google.firebase:firebase-auth:21.0.1] AndroidManifest.xml:48:13-36
125            android:launchMode="singleTask"
125-->[com.google.firebase:firebase-auth:21.0.1] AndroidManifest.xml:49:13-44
126            android:theme="@android:style/Theme.Translucent.NoTitleBar" >
126-->[com.google.firebase:firebase-auth:21.0.1] AndroidManifest.xml:50:13-72
127            <intent-filter>
127-->[com.google.firebase:firebase-auth:21.0.1] AndroidManifest.xml:51:13-61:29
128                <action android:name="android.intent.action.VIEW" />
128-->[com.google.firebase:firebase-auth:21.0.1] AndroidManifest.xml:34:17-69
128-->[com.google.firebase:firebase-auth:21.0.1] AndroidManifest.xml:34:25-66
129
130                <category android:name="android.intent.category.DEFAULT" />
130-->[com.google.firebase:firebase-auth:21.0.1] AndroidManifest.xml:36:17-76
130-->[com.google.firebase:firebase-auth:21.0.1] AndroidManifest.xml:36:27-73
131                <category android:name="android.intent.category.BROWSABLE" />
131-->[com.google.firebase:firebase-auth:21.0.1] AndroidManifest.xml:37:17-78
131-->[com.google.firebase:firebase-auth:21.0.1] AndroidManifest.xml:37:27-75
132
133                <data
133-->[com.google.firebase:firebase-auth:21.0.1] AndroidManifest.xml:39:17-42:51
134                    android:host="firebase.auth"
134-->[com.google.firebase:firebase-auth:21.0.1] AndroidManifest.xml:40:21-49
135                    android:path="/"
135-->[com.google.firebase:firebase-auth:21.0.1] AndroidManifest.xml:41:21-37
136                    android:scheme="recaptcha" />
136-->[com.google.firebase:firebase-auth:21.0.1] AndroidManifest.xml:42:21-48
137            </intent-filter>
138        </activity>
139
140        <service
140-->[com.google.firebase:firebase-auth:21.0.1] AndroidManifest.xml:64:9-73:19
141            android:name="com.google.firebase.auth.api.fallback.service.FirebaseAuthFallbackService"
141-->[com.google.firebase:firebase-auth:21.0.1] AndroidManifest.xml:65:13-101
142            android:enabled="true"
142-->[com.google.firebase:firebase-auth:21.0.1] AndroidManifest.xml:66:13-35
143            android:exported="false" >
143-->[com.google.firebase:firebase-auth:21.0.1] AndroidManifest.xml:67:13-37
144            <intent-filter>
144-->[com.google.firebase:firebase-auth:21.0.1] AndroidManifest.xml:68:13-72:29
145                <action android:name="com.google.firebase.auth.api.gms.service.START" />
145-->[com.google.firebase:firebase-auth:21.0.1] AndroidManifest.xml:69:17-89
145-->[com.google.firebase:firebase-auth:21.0.1] AndroidManifest.xml:69:25-86
146
147                <category android:name="android.intent.category.DEFAULT" />
147-->[com.google.firebase:firebase-auth:21.0.1] AndroidManifest.xml:36:17-76
147-->[com.google.firebase:firebase-auth:21.0.1] AndroidManifest.xml:36:27-73
148            </intent-filter>
149        </service>
150
151        <receiver
151-->[com.google.firebase:firebase-messaging:22.0.0] AndroidManifest.xml:28:9-35:20
152            android:name="com.google.firebase.iid.FirebaseInstanceIdReceiver"
152-->[com.google.firebase:firebase-messaging:22.0.0] AndroidManifest.xml:29:13-78
153            android:exported="true"
153-->[com.google.firebase:firebase-messaging:22.0.0] AndroidManifest.xml:30:13-36
154            android:permission="com.google.android.c2dm.permission.SEND" >
154-->[com.google.firebase:firebase-messaging:22.0.0] AndroidManifest.xml:31:13-73
155            <intent-filter>
155-->[:react-native-firebase_messaging] AndroidManifest.xml:27:13-29:29
156                <action android:name="com.google.android.c2dm.intent.RECEIVE" />
156-->[:react-native-firebase_messaging] AndroidManifest.xml:28:17-81
156-->[:react-native-firebase_messaging] AndroidManifest.xml:28:25-78
157            </intent-filter>
158        </receiver>
159        <!--
160             FirebaseMessagingService performs security checks at runtime,
161             but set to not exported to explicitly avoid allowing another app to call it.
162        -->
163        <service
163-->[com.google.firebase:firebase-messaging:22.0.0] AndroidManifest.xml:41:9-48:19
164            android:name="com.google.firebase.messaging.FirebaseMessagingService"
164-->[com.google.firebase:firebase-messaging:22.0.0] AndroidManifest.xml:42:13-82
165            android:directBootAware="true"
165-->[com.google.firebase:firebase-messaging:22.0.0] AndroidManifest.xml:43:13-43
166            android:exported="false" >
166-->[com.google.firebase:firebase-messaging:22.0.0] AndroidManifest.xml:44:13-37
167            <intent-filter android:priority="-500" >
167-->[:react-native-firebase_messaging] AndroidManifest.xml:18:13-20:29
168                <action android:name="com.google.firebase.MESSAGING_EVENT" />
168-->[:react-native-firebase_messaging] AndroidManifest.xml:19:17-78
168-->[:react-native-firebase_messaging] AndroidManifest.xml:19:25-75
169            </intent-filter>
170        </service>
171        <service
171-->[com.google.android.datatransport:transport-backend-cct:3.0.0] AndroidManifest.xml:29:9-35:19
172            android:name="com.google.android.datatransport.runtime.backends.TransportBackendDiscovery"
172-->[com.google.android.datatransport:transport-backend-cct:3.0.0] AndroidManifest.xml:30:13-103
173            android:exported="false" >
173-->[com.google.android.datatransport:transport-backend-cct:3.0.0] AndroidManifest.xml:31:13-37
174            <meta-data
174-->[com.google.android.datatransport:transport-backend-cct:3.0.0] AndroidManifest.xml:32:13-34:39
175                android:name="backend:com.google.android.datatransport.cct.CctBackendFactory"
175-->[com.google.android.datatransport:transport-backend-cct:3.0.0] AndroidManifest.xml:33:17-94
176                android:value="cct" />
176-->[com.google.android.datatransport:transport-backend-cct:3.0.0] AndroidManifest.xml:34:17-36
177        </service>
178
179        <provider
179-->[com.google.firebase:firebase-common:20.0.0] AndroidManifest.xml:26:9-31:39
180            android:name="com.google.firebase.provider.FirebaseInitProvider"
180-->[com.google.firebase:firebase-common:20.0.0] AndroidManifest.xml:27:13-77
181            android:authorities="com.scrape.firebaseinitprovider"
181-->[com.google.firebase:firebase-common:20.0.0] AndroidManifest.xml:28:13-72
182            android:directBootAware="true"
182-->[com.google.firebase:firebase-common:20.0.0] AndroidManifest.xml:29:13-43
183            android:exported="false"
183-->[com.google.firebase:firebase-common:20.0.0] AndroidManifest.xml:30:13-37
184            android:initOrder="100" />
184-->[com.google.firebase:firebase-common:20.0.0] AndroidManifest.xml:31:13-36
185
186        <service
186-->[com.google.android.datatransport:transport-runtime:3.0.0] AndroidManifest.xml:26:9-30:19
187            android:name="com.google.android.datatransport.runtime.scheduling.jobscheduling.JobInfoSchedulerService"
187-->[com.google.android.datatransport:transport-runtime:3.0.0] AndroidManifest.xml:27:13-117
188            android:exported="false"
188-->[com.google.android.datatransport:transport-runtime:3.0.0] AndroidManifest.xml:28:13-37
189            android:permission="android.permission.BIND_JOB_SERVICE" >
189-->[com.google.android.datatransport:transport-runtime:3.0.0] AndroidManifest.xml:29:13-69
190        </service>
191
192        <receiver
192-->[com.google.android.datatransport:transport-runtime:3.0.0] AndroidManifest.xml:32:9-34:40
193            android:name="com.google.android.datatransport.runtime.scheduling.jobscheduling.AlarmManagerSchedulerBroadcastReceiver"
193-->[com.google.android.datatransport:transport-runtime:3.0.0] AndroidManifest.xml:33:13-132
194            android:exported="false" />
194-->[com.google.android.datatransport:transport-runtime:3.0.0] AndroidManifest.xml:34:13-37
195
196        <activity
196-->[com.google.android.gms:play-services-auth:19.2.0] AndroidManifest.xml:23:9-27:75
197            android:name="com.google.android.gms.auth.api.signin.internal.SignInHubActivity"
197-->[com.google.android.gms:play-services-auth:19.2.0] AndroidManifest.xml:24:13-93
198            android:excludeFromRecents="true"
198-->[com.google.android.gms:play-services-auth:19.2.0] AndroidManifest.xml:25:13-46
199            android:exported="false"
199-->[com.google.android.gms:play-services-auth:19.2.0] AndroidManifest.xml:26:13-37
200            android:theme="@android:style/Theme.Translucent.NoTitleBar" />
200-->[com.google.android.gms:play-services-auth:19.2.0] AndroidManifest.xml:27:13-72
201        <!--
202            Service handling Google Sign-In user revocation. For apps that do not integrate with
203            Google Sign-In, this service will never be started.
204        -->
205        <service
205-->[com.google.android.gms:play-services-auth:19.2.0] AndroidManifest.xml:33:9-37:51
206            android:name="com.google.android.gms.auth.api.signin.RevocationBoundService"
206-->[com.google.android.gms:play-services-auth:19.2.0] AndroidManifest.xml:34:13-89
207            android:exported="true"
207-->[com.google.android.gms:play-services-auth:19.2.0] AndroidManifest.xml:35:13-36
208            android:permission="com.google.android.gms.auth.api.signin.permission.REVOCATION_NOTIFICATION"
208-->[com.google.android.gms:play-services-auth:19.2.0] AndroidManifest.xml:36:13-107
209            android:visibleToInstantApps="true" />
209-->[com.google.android.gms:play-services-auth:19.2.0] AndroidManifest.xml:37:13-48
210
211        <activity
211-->[com.google.android.gms:play-services-base:17.5.0] AndroidManifest.xml:23:9-26:75
212            android:name="com.google.android.gms.common.api.GoogleApiActivity"
212-->[com.google.android.gms:play-services-base:17.5.0] AndroidManifest.xml:24:13-79
213            android:exported="false"
213-->[com.google.android.gms:play-services-base:17.5.0] AndroidManifest.xml:25:13-37
214            android:theme="@android:style/Theme.Translucent.NoTitleBar" />
214-->[com.google.android.gms:play-services-base:17.5.0] AndroidManifest.xml:26:13-72
215
216        <meta-data
216-->[com.google.android.gms:play-services-basement:17.5.0] AndroidManifest.xml:23:9-25:69
217            android:name="com.google.android.gms.version"
217-->[com.google.android.gms:play-services-basement:17.5.0] AndroidManifest.xml:24:13-58
218            android:value="@integer/google_play_services_version" />
218-->[com.google.android.gms:play-services-basement:17.5.0] AndroidManifest.xml:25:13-66
219    </application>
220
221</manifest>